<?xml version="1.0" encoding="UTF-8"?>
<testsuite xmlns:xsi="http://www.w3.org/2001/XMLSchema-instance" xsi:noNamespaceSchemaLocation="https://maven.apache.org/surefire/maven-surefire-plugin/xsd/surefire-test-report-3.0.xsd" version="3.0" name="StepDefinations.TestRunner" time="25.401" tests="2" errors="0" skipped="0" failures="0">
  <properties>
[...]
</properties>
  <testcase name="User should be able to place A asap takeout order." classname="User should be able to place takeout order" time="13.932">
    <system-out><![CDATA[The user is on the website
User is landed on the index page
]]></system-out>
    <system-err><![CDATA[Jun 08, 2024 3:37:44 P.M. org.openqa.selenium.devtools.CdpVersionFinder findNearestMatch
WARNING: Unable to find an exact match for CDP version 125, returning the closest version; found: 124; Please update to a Selenium version that supports CDP version 125
]]></system-err>
  </testcase>
  <testcase name="User should be able to place A Future takeout order." classname="User should be able to place takeout order" time="11.444">
    <system-out><![CDATA[The user is on the website
User is landed on the index page
]]></system-out>
    <system-err><![CDATA[Jun 08, 2024 3:37:56 P.M. org.openqa.selenium.devtools.CdpVersionFinder findNearestMatch
WARNING: Unable to find an exact match for CDP version 125, returning the closest version; found: 124; Please update to a Selenium version that supports CDP version 125
]]></system-err>
  </testcase>
</testsuite>